Sep 03 15:00:59  [info] Creating canary table

Sep 14 03:13:43  [info] $Fatal Error Details = Array
(
    [callback] => Array
        (
            [0] => CRM_Core_Error
            [1] => handle
        )

    [code] => -5
    [message] => DB Error: already exists
    [mode] => 16
    [debug_info] => INSERT INTO civicrm_setting (`component_id`,`contact_id`,`created_date`,`created_id`,`domain_id`,`id`,`is_domain`,`name`,`value`) VALUES
(NULL,"202","20160914031343","202","1",NULL,"0","activity_tab_filter",NULL)
 [nativecode=1062 ** Duplicate entry '1-202-activity_tab_filter' for key 'index_domain_contact_name']
    [type] => DB_Error
    [user_info] => INSERT INTO civicrm_setting (`component_id`,`contact_id`,`created_date`,`created_id`,`domain_id`,`id`,`is_domain`,`name`,`value`) VALUES
(NULL,"202","20160914031343","202","1",NULL,"0","activity_tab_filter",NULL)
 [nativecode=1062 ** Duplicate entry '1-202-activity_tab_filter' for key 'index_domain_contact_name']
    [to_string] => [db_error: message="DB Error: already exists" code=-5 mode=callback callback=CRM_Core_Error::handle prefix="" info="INSERT INTO civicrm_setting (`component_id`,`contact_id`,`created_date`,`created_id`,`domain_id`,`id`,`is_domain`,`name`,`value`) VALUES
(NULL,"202","20160914031343","202","1",NULL,"0","activity_tab_filter",NULL)
 [nativecode=1062 ** Duplicate entry '1-202-activity_tab_filter' for key 'index_domain_contact_name']"]
)


Sep 14 03:13:44  [info] $backTrace = #0 C:\Users\Hotwer\Workspace\drupal-task\sites\all\modules\civicrm\CRM\Core\Error.php(227): CRM_Core_Error::backtrace("backTrace", TRUE)
#1 [internal function](): CRM_Core_Error::handle(Object(DB_Error))
#2 C:\Users\Hotwer\Workspace\drupal-task\sites\all\modules\civicrm\packages\PEAR.php(931): call_user_func((Array:2), Object(DB_Error))
#3 C:\Users\Hotwer\Workspace\drupal-task\sites\all\modules\civicrm\packages\DB.php(976): PEAR_Error->PEAR_Error("DB Error: already exists", -5, 16, (Array:2), "INSERT INTO civicrm_setting (`component_id`,`contact_id`,`created_date`,`crea...")
#4 C:\Users\Hotwer\Workspace\drupal-task\sites\all\modules\civicrm\packages\PEAR.php(564): DB_Error->DB_Error(-5, 16, (Array:2), "INSERT INTO civicrm_setting (`component_id`,`contact_id`,`created_date`,`crea...")
#5 C:\Users\Hotwer\Workspace\drupal-task\sites\all\modules\civicrm\packages\DB\common.php(1905): PEAR->raiseError(NULL, -5, NULL, NULL, "INSERT INTO civicrm_setting (`component_id`,`contact_id`,`created_date`,`crea...", "DB_Error", TRUE)
#6 C:\Users\Hotwer\Workspace\drupal-task\sites\all\modules\civicrm\packages\DB\mysql.php(895): DB_common->raiseError(-5, NULL, NULL, NULL, "1062 ** Duplicate entry '1-202-activity_tab_filter' for key 'index_domain_con...")
#7 C:\Users\Hotwer\Workspace\drupal-task\sites\all\modules\civicrm\packages\DB\mysql.php(328): DB_mysql->mysqlRaiseError()
#8 C:\Users\Hotwer\Workspace\drupal-task\sites\all\modules\civicrm\packages\DB\common.php(1216): DB_mysql->simpleQuery("INSERT INTO civicrm_setting (`component_id`,`contact_id`,`created_date`,`crea...")
#9 C:\Users\Hotwer\Workspace\drupal-task\sites\all\modules\civicrm\packages\DB\DataObject.php(2438): DB_common->query("INSERT INTO civicrm_setting (`component_id`,`contact_id`,`created_date`,`crea...")
#10 C:\Users\Hotwer\Workspace\drupal-task\sites\all\modules\civicrm\packages\DB\DataObject.php(1627): DB_DataObject->_query("INSERT INTO civicrm_setting (`component_id`,`contact_id`,`created_date`,`crea...")
#11 C:\Users\Hotwer\Workspace\drupal-task\sites\all\modules\civicrm\CRM\Core\DAO.php(344): DB_DataObject->query("INSERT INTO civicrm_setting (`component_id`,`contact_id`,`created_date`,`crea...")
#12 C:\Users\Hotwer\Workspace\drupal-task\sites\all\modules\civicrm\CRM\Core\DAO.php(1265): CRM_Core_DAO->query("INSERT INTO civicrm_setting (`component_id`,`contact_id`,`created_date`,`crea...", TRUE)
#13 C:\Users\Hotwer\Workspace\drupal-task\sites\all\modules\civicrm\Civi\Core\SettingsBag.php(394): CRM_Core_DAO::executeQuery("INSERT INTO civicrm_setting (`component_id`,`contact_id`,`created_date`,`crea...")
#14 C:\Users\Hotwer\Workspace\drupal-task\sites\all\modules\civicrm\Civi\Core\SettingsBag.php(272): Civi\Core\SettingsBag->setDb("activity_tab_filter", (Array:2))
#15 C:\Users\Hotwer\Workspace\drupal-task\sites\all\modules\civicrm\CRM\Activity\Page\AJAX.php(439): Civi\Core\SettingsBag->set("activity_tab_filter", (Array:2))
#16 [internal function](): CRM_Activity_Page_AJAX::getContactActivity()
#17 C:\Users\Hotwer\Workspace\drupal-task\sites\all\modules\civicrm\CRM\Core\Invoke.php(278): call_user_func((Array:2))
#18 C:\Users\Hotwer\Workspace\drupal-task\sites\all\modules\civicrm\CRM\Core\Invoke.php(86): CRM_Core_Invoke::runItem((Array:12))
#19 C:\Users\Hotwer\Workspace\drupal-task\sites\all\modules\civicrm\CRM\Core\Invoke.php(54): CRM_Core_Invoke::_invoke((Array:3))
#20 C:\Users\Hotwer\Workspace\drupal-task\sites\all\modules\civicrm\drupal\civicrm.module(448): CRM_Core_Invoke::invoke((Array:3))
#21 [internal function](): civicrm_invoke("ajax", "contactactivity")
#22 C:\Users\Hotwer\Workspace\drupal-task\includes\menu.inc(527): call_user_func_array("civicrm_invoke", (Array:2))
#23 C:\Users\Hotwer\Workspace\drupal-task\index.php(20): menu_execute_active_handler()
#24 {main}


Sep 14 03:20:34  [info] $Fatal Error Details = Array
(
    [message] => cid (value: ) is not of the type Positive
    [code] => 
)


Sep 14 03:20:34  [info] $backTrace = #0 C:\Users\Hotwer\Workspace\drupal-task\sites\all\modules\civicrm\CRM\Core\Error.php(371): CRM_Core_Error::backtrace("backTrace", TRUE)
#1 C:\Users\Hotwer\Workspace\drupal-task\sites\all\modules\civicrm\CRM\Utils\Type.php(428): CRM_Core_Error::fatal("cid (value: ) is not of the type Positive")
#2 C:\Users\Hotwer\Workspace\drupal-task\sites\all\modules\civicrm\CRM\Utils\Request.php(110): CRM_Utils_Type::validate("", "Positive", TRUE, "cid")
#3 C:\Users\Hotwer\Workspace\drupal-task\sites\all\modules\civicrm\CRM\Contribute\Page\Tab.php(250): CRM_Utils_Request::retrieve("cid", "Positive", Object(CRM_Contribute_Page_Tab), TRUE)
#4 C:\Users\Hotwer\Workspace\drupal-task\sites\all\modules\civicrm\CRM\Contribute\Page\Tab.php(278): CRM_Contribute_Page_Tab->preProcess()
#5 C:\Users\Hotwer\Workspace\drupal-task\sites\all\modules\civicrm\CRM\Core\Invoke.php(312): CRM_Contribute_Page_Tab->run((Array:4), NULL)
#6 C:\Users\Hotwer\Workspace\drupal-task\sites\all\modules\civicrm\CRM\Core\Invoke.php(86): CRM_Core_Invoke::runItem((Array:13))
#7 C:\Users\Hotwer\Workspace\drupal-task\sites\all\modules\civicrm\CRM\Core\Invoke.php(54): CRM_Core_Invoke::_invoke((Array:4))
#8 C:\Users\Hotwer\Workspace\drupal-task\sites\all\modules\civicrm\drupal\civicrm.module(448): CRM_Core_Invoke::invoke((Array:4))
#9 [internal function](): civicrm_invoke("contact", "view", "contribution")
#10 C:\Users\Hotwer\Workspace\drupal-task\includes\menu.inc(527): call_user_func_array("civicrm_invoke", (Array:3))
#11 C:\Users\Hotwer\Workspace\drupal-task\index.php(20): menu_execute_active_handler()
#12 {main}


Sep 14 04:26:52  [info] $Fatal Error Details = Array
(
    [message] => One of parameters  (value: ) is not of the type Integer
    [code] => 
)


Sep 14 04:26:52  [info] $backTrace = #0 C:\Users\Hotwer\Workspace\drupal-task\sites\all\modules\civicrm\CRM\Core\Error.php(371): CRM_Core_Error::backtrace("backTrace", TRUE)
#1 C:\Users\Hotwer\Workspace\drupal-task\sites\all\modules\civicrm\CRM\Utils\Type.php(428): CRM_Core_Error::fatal("One of parameters  (value: ) is not of the type Integer")
#2 C:\Users\Hotwer\Workspace\drupal-task\sites\all\modules\civicrm\CRM\Core\DAO.php(1335): CRM_Utils_Type::validate(NULL, "Integer")
#3 C:\Users\Hotwer\Workspace\drupal-task\sites\all\modules\civicrm\CRM\Core\DAO.php(1299): CRM_Core_DAO::composeQuery("\n   SELECT   COUNT(DISTINCT(tbl.activity_id)) as count\n     FROM   (  \n   ...", (Array:1), TRUE)
#4 C:\Users\Hotwer\Workspace\drupal-task\sites\all\modules\civicrm\CRM\Activity\BAO\Activity.php(972): CRM_Core_DAO::singleValueQuery("\n   SELECT   COUNT(DISTINCT(tbl.activity_id)) as count\n     FROM   (  \n   ...", (Array:1))
#5 C:\Users\Hotwer\Workspace\drupal-task\sites\all\modules\civicrm\CRM\Contact\BAO\Contact.php(2627): CRM_Activity_BAO_Activity::getActivitiesCount((Array:4))
#6 C:\Users\Hotwer\Workspace\drupal-task\sites\default\files\civicrm\ext\com.compucorptask.organisationactivities\CRM\Organisationactivities\Page\OrganisationActivities.php(32): CRM_Contact_BAO_Contact::getCountComponent("activity", NULL)
#7 C:\Users\Hotwer\Workspace\drupal-task\sites\all\modules\civicrm\CRM\Core\Invoke.php(312): CRM_Organisationactivities_Page_OrganisationActivities->run((Array:2), NULL)
#8 C:\Users\Hotwer\Workspace\drupal-task\sites\all\modules\civicrm\CRM\Core\Invoke.php(86): CRM_Core_Invoke::runItem((Array:13))
#9 C:\Users\Hotwer\Workspace\drupal-task\sites\all\modules\civicrm\CRM\Core\Invoke.php(54): CRM_Core_Invoke::_invoke((Array:2))
#10 C:\Users\Hotwer\Workspace\drupal-task\sites\all\modules\civicrm\drupal\civicrm.module(448): CRM_Core_Invoke::invoke((Array:2))
#11 [internal function](): civicrm_invoke("organisationactivities")
#12 C:\Users\Hotwer\Workspace\drupal-task\includes\menu.inc(527): call_user_func_array("civicrm_invoke", (Array:1))
#13 C:\Users\Hotwer\Workspace\drupal-task\index.php(20): menu_execute_active_handler()
#14 {main}


Sep 14 04:29:14  [info] $Fatal Error Details = Array
(
    [message] => One of parameters  (value: ) is not of the type Integer
    [code] => 
)


Sep 14 04:29:14  [info] $backTrace = #0 C:\Users\Hotwer\Workspace\drupal-task\sites\all\modules\civicrm\CRM\Core\Error.php(371): CRM_Core_Error::backtrace("backTrace", TRUE)
#1 C:\Users\Hotwer\Workspace\drupal-task\sites\all\modules\civicrm\CRM\Utils\Type.php(428): CRM_Core_Error::fatal("One of parameters  (value: ) is not of the type Integer")
#2 C:\Users\Hotwer\Workspace\drupal-task\sites\all\modules\civicrm\CRM\Core\DAO.php(1335): CRM_Utils_Type::validate(NULL, "Integer")
#3 C:\Users\Hotwer\Workspace\drupal-task\sites\all\modules\civicrm\CRM\Core\DAO.php(1299): CRM_Core_DAO::composeQuery("\n   SELECT   COUNT(DISTINCT(tbl.activity_id)) as count\n     FROM   (  \n   ...", (Array:1), TRUE)
#4 C:\Users\Hotwer\Workspace\drupal-task\sites\all\modules\civicrm\CRM\Activity\BAO\Activity.php(972): CRM_Core_DAO::singleValueQuery("\n   SELECT   COUNT(DISTINCT(tbl.activity_id)) as count\n     FROM   (  \n   ...", (Array:1))
#5 C:\Users\Hotwer\Workspace\drupal-task\sites\all\modules\civicrm\CRM\Contact\BAO\Contact.php(2627): CRM_Activity_BAO_Activity::getActivitiesCount((Array:4))
#6 C:\Users\Hotwer\Workspace\drupal-task\sites\default\files\civicrm\ext\com.compucorptask.organisationactivities\CRM\Organisationactivities\Page\OrganisationActivities.php(33): CRM_Contact_BAO_Contact::getCountComponent("activity", NULL)
#7 C:\Users\Hotwer\Workspace\drupal-task\sites\all\modules\civicrm\CRM\Core\Invoke.php(312): CRM_Organisationactivities_Page_OrganisationActivities->run((Array:2), NULL)
#8 C:\Users\Hotwer\Workspace\drupal-task\sites\all\modules\civicrm\CRM\Core\Invoke.php(86): CRM_Core_Invoke::runItem((Array:13))
#9 C:\Users\Hotwer\Workspace\drupal-task\sites\all\modules\civicrm\CRM\Core\Invoke.php(54): CRM_Core_Invoke::_invoke((Array:2))
#10 C:\Users\Hotwer\Workspace\drupal-task\sites\all\modules\civicrm\drupal\civicrm.module(448): CRM_Core_Invoke::invoke((Array:2))
#11 [internal function](): civicrm_invoke("organisationactivities")
#12 C:\Users\Hotwer\Workspace\drupal-task\includes\menu.inc(527): call_user_func_array("civicrm_invoke", (Array:1))
#13 C:\Users\Hotwer\Workspace\drupal-task\index.php(20): menu_execute_active_handler()
#14 {main}


Sep 14 04:36:55  [info] $Fatal Error Details = Array
(
    [message] => One of parameters  (value: ) is not of the type Integer
    [code] => 
)


Sep 14 04:36:55  [info] $backTrace = #0 C:\Users\Hotwer\Workspace\drupal-task\sites\all\modules\civicrm\CRM\Core\Error.php(371): CRM_Core_Error::backtrace("backTrace", TRUE)
#1 C:\Users\Hotwer\Workspace\drupal-task\sites\all\modules\civicrm\CRM\Utils\Type.php(428): CRM_Core_Error::fatal("One of parameters  (value: ) is not of the type Integer")
#2 C:\Users\Hotwer\Workspace\drupal-task\sites\all\modules\civicrm\CRM\Core\DAO.php(1335): CRM_Utils_Type::validate(NULL, "Integer")
#3 C:\Users\Hotwer\Workspace\drupal-task\sites\all\modules\civicrm\CRM\Core\DAO.php(1299): CRM_Core_DAO::composeQuery("\n   SELECT   COUNT(DISTINCT(tbl.activity_id)) as count\n     FROM   (  \n   ...", (Array:1), TRUE)
#4 C:\Users\Hotwer\Workspace\drupal-task\sites\all\modules\civicrm\CRM\Activity\BAO\Activity.php(972): CRM_Core_DAO::singleValueQuery("\n   SELECT   COUNT(DISTINCT(tbl.activity_id)) as count\n     FROM   (  \n   ...", (Array:1))
#5 C:\Users\Hotwer\Workspace\drupal-task\sites\all\modules\civicrm\CRM\Contact\BAO\Contact.php(2627): CRM_Activity_BAO_Activity::getActivitiesCount((Array:4))
#6 C:\Users\Hotwer\Workspace\drupal-task\sites\default\files\civicrm\ext\com.compucorptask.organisationactivities\CRM\Organisationactivities\Page\OrganisationActivities.php(33): CRM_Contact_BAO_Contact::getCountComponent("activity", NULL)
#7 C:\Users\Hotwer\Workspace\drupal-task\sites\all\modules\civicrm\CRM\Core\Invoke.php(312): CRM_Organisationactivities_Page_OrganisationActivities->run((Array:2), NULL)
#8 C:\Users\Hotwer\Workspace\drupal-task\sites\all\modules\civicrm\CRM\Core\Invoke.php(86): CRM_Core_Invoke::runItem((Array:13))
#9 C:\Users\Hotwer\Workspace\drupal-task\sites\all\modules\civicrm\CRM\Core\Invoke.php(54): CRM_Core_Invoke::_invoke((Array:2))
#10 C:\Users\Hotwer\Workspace\drupal-task\sites\all\modules\civicrm\drupal\civicrm.module(448): CRM_Core_Invoke::invoke((Array:2))
#11 [internal function](): civicrm_invoke("organisationactivities")
#12 C:\Users\Hotwer\Workspace\drupal-task\includes\menu.inc(527): call_user_func_array("civicrm_invoke", (Array:1))
#13 C:\Users\Hotwer\Workspace\drupal-task\index.php(20): menu_execute_active_handler()
#14 {main}


Sep 14 05:32:16  [info] $Fatal Error Details = Array
(
    [message] => One of parameters  (value: ) is not of the type Integer
    [code] => 
)


Sep 14 05:32:16  [info] $backTrace = #0 C:\Users\Hotwer\Workspace\drupal-task\sites\all\modules\civicrm\CRM\Core\Error.php(371): CRM_Core_Error::backtrace("backTrace", TRUE)
#1 C:\Users\Hotwer\Workspace\drupal-task\sites\all\modules\civicrm\CRM\Utils\Type.php(428): CRM_Core_Error::fatal("One of parameters  (value: ) is not of the type Integer")
#2 C:\Users\Hotwer\Workspace\drupal-task\sites\all\modules\civicrm\CRM\Core\Page\AJAX.php(253): CRM_Utils_Type::validate("", "Integer")
#3 C:\Users\Hotwer\Workspace\drupal-task\sites\all\modules\civicrm\CRM\Activity\Page\AJAX.php(404): CRM_Core_Page_AJAX::validateParams((Array:1), (Array:3))
#4 [internal function](): CRM_Activity_Page_AJAX::getContactActivity()
#5 C:\Users\Hotwer\Workspace\drupal-task\sites\all\modules\civicrm\CRM\Core\Invoke.php(278): call_user_func((Array:2))
#6 C:\Users\Hotwer\Workspace\drupal-task\sites\all\modules\civicrm\CRM\Core\Invoke.php(86): CRM_Core_Invoke::runItem((Array:12))
#7 C:\Users\Hotwer\Workspace\drupal-task\sites\all\modules\civicrm\CRM\Core\Invoke.php(54): CRM_Core_Invoke::_invoke((Array:3))
#8 C:\Users\Hotwer\Workspace\drupal-task\sites\all\modules\civicrm\drupal\civicrm.module(448): CRM_Core_Invoke::invoke((Array:3))
#9 [internal function](): civicrm_invoke("ajax", "contactactivity")
#10 C:\Users\Hotwer\Workspace\drupal-task\includes\menu.inc(527): call_user_func_array("civicrm_invoke", (Array:2))
#11 C:\Users\Hotwer\Workspace\drupal-task\index.php(20): menu_execute_active_handler()
#12 {main}


Sep 14 05:49:48  [info] $Fatal Error Details = Array
(
    [message] => One of parameters  (value: ) is not of the type Integer
    [code] => 
)


Sep 14 05:49:48  [info] $backTrace = #0 C:\Users\Hotwer\Workspace\drupal-task\sites\all\modules\civicrm\CRM\Core\Error.php(371): CRM_Core_Error::backtrace("backTrace", TRUE)
#1 C:\Users\Hotwer\Workspace\drupal-task\sites\all\modules\civicrm\CRM\Utils\Type.php(428): CRM_Core_Error::fatal("One of parameters  (value: ) is not of the type Integer")
#2 C:\Users\Hotwer\Workspace\drupal-task\sites\all\modules\civicrm\CRM\Core\Page\AJAX.php(253): CRM_Utils_Type::validate("", "Integer")
#3 C:\Users\Hotwer\Workspace\drupal-task\sites\all\modules\civicrm\CRM\Activity\Page\AJAX.php(404): CRM_Core_Page_AJAX::validateParams((Array:1), (Array:3))
#4 [internal function](): CRM_Activity_Page_AJAX::getContactActivity()
#5 C:\Users\Hotwer\Workspace\drupal-task\sites\all\modules\civicrm\CRM\Core\Invoke.php(278): call_user_func((Array:2))
#6 C:\Users\Hotwer\Workspace\drupal-task\sites\all\modules\civicrm\CRM\Core\Invoke.php(86): CRM_Core_Invoke::runItem((Array:12))
#7 C:\Users\Hotwer\Workspace\drupal-task\sites\all\modules\civicrm\CRM\Core\Invoke.php(54): CRM_Core_Invoke::_invoke((Array:3))
#8 C:\Users\Hotwer\Workspace\drupal-task\sites\all\modules\civicrm\drupal\civicrm.module(448): CRM_Core_Invoke::invoke((Array:3))
#9 [internal function](): civicrm_invoke("ajax", "contactactivity")
#10 C:\Users\Hotwer\Workspace\drupal-task\includes\menu.inc(527): call_user_func_array("civicrm_invoke", (Array:2))
#11 C:\Users\Hotwer\Workspace\drupal-task\index.php(20): menu_execute_active_handler()
#12 {main}


Sep 14 05:53:29  [info] $Fatal Error Details = Array
(
    [message] => One of parameters  (value: ) is not of the type Integer
    [code] => 
)


Sep 14 05:53:29  [info] $backTrace = #0 C:\Users\Hotwer\Workspace\drupal-task\sites\all\modules\civicrm\CRM\Core\Error.php(371): CRM_Core_Error::backtrace("backTrace", TRUE)
#1 C:\Users\Hotwer\Workspace\drupal-task\sites\all\modules\civicrm\CRM\Utils\Type.php(428): CRM_Core_Error::fatal("One of parameters  (value: ) is not of the type Integer")
#2 C:\Users\Hotwer\Workspace\drupal-task\sites\all\modules\civicrm\CRM\Core\Page\AJAX.php(253): CRM_Utils_Type::validate("", "Integer")
#3 C:\Users\Hotwer\Workspace\drupal-task\sites\all\modules\civicrm\CRM\Activity\Page\AJAX.php(404): CRM_Core_Page_AJAX::validateParams((Array:1), (Array:3))
#4 [internal function](): CRM_Activity_Page_AJAX::getContactActivity()
#5 C:\Users\Hotwer\Workspace\drupal-task\sites\all\modules\civicrm\CRM\Core\Invoke.php(278): call_user_func((Array:2))
#6 C:\Users\Hotwer\Workspace\drupal-task\sites\all\modules\civicrm\CRM\Core\Invoke.php(86): CRM_Core_Invoke::runItem((Array:12))
#7 C:\Users\Hotwer\Workspace\drupal-task\sites\all\modules\civicrm\CRM\Core\Invoke.php(54): CRM_Core_Invoke::_invoke((Array:3))
#8 C:\Users\Hotwer\Workspace\drupal-task\sites\all\modules\civicrm\drupal\civicrm.module(448): CRM_Core_Invoke::invoke((Array:3))
#9 [internal function](): civicrm_invoke("ajax", "contactactivity")
#10 C:\Users\Hotwer\Workspace\drupal-task\includes\menu.inc(527): call_user_func_array("civicrm_invoke", (Array:2))
#11 C:\Users\Hotwer\Workspace\drupal-task\index.php(20): menu_execute_active_handler()
#12 {main}


Sep 14 05:55:04  [info] $Fatal Error Details = Array
(
    [message] => One of parameters  (value: ) is not of the type Integer
    [code] => 
)


Sep 14 05:55:04  [info] $backTrace = #0 C:\Users\Hotwer\Workspace\drupal-task\sites\all\modules\civicrm\CRM\Core\Error.php(371): CRM_Core_Error::backtrace("backTrace", TRUE)
#1 C:\Users\Hotwer\Workspace\drupal-task\sites\all\modules\civicrm\CRM\Utils\Type.php(428): CRM_Core_Error::fatal("One of parameters  (value: ) is not of the type Integer")
#2 C:\Users\Hotwer\Workspace\drupal-task\sites\all\modules\civicrm\CRM\Core\Page\AJAX.php(253): CRM_Utils_Type::validate("", "Integer")
#3 C:\Users\Hotwer\Workspace\drupal-task\sites\all\modules\civicrm\CRM\Activity\Page\AJAX.php(404): CRM_Core_Page_AJAX::validateParams((Array:1), (Array:3))
#4 [internal function](): CRM_Activity_Page_AJAX::getContactActivity()
#5 C:\Users\Hotwer\Workspace\drupal-task\sites\all\modules\civicrm\CRM\Core\Invoke.php(278): call_user_func((Array:2))
#6 C:\Users\Hotwer\Workspace\drupal-task\sites\all\modules\civicrm\CRM\Core\Invoke.php(86): CRM_Core_Invoke::runItem((Array:12))
#7 C:\Users\Hotwer\Workspace\drupal-task\sites\all\modules\civicrm\CRM\Core\Invoke.php(54): CRM_Core_Invoke::_invoke((Array:3))
#8 C:\Users\Hotwer\Workspace\drupal-task\sites\all\modules\civicrm\drupal\civicrm.module(448): CRM_Core_Invoke::invoke((Array:3))
#9 [internal function](): civicrm_invoke("ajax", "contactactivity")
#10 C:\Users\Hotwer\Workspace\drupal-task\includes\menu.inc(527): call_user_func_array("civicrm_invoke", (Array:2))
#11 C:\Users\Hotwer\Workspace\drupal-task\index.php(20): menu_execute_active_handler()
#12 {main}


Sep 14 05:57:31  [info] $Fatal Error Details = Array
(
    [message] => One of parameters  (value: ) is not of the type Integer
    [code] => 
)


Sep 14 05:57:31  [info] $backTrace = #0 C:\Users\Hotwer\Workspace\drupal-task\sites\all\modules\civicrm\CRM\Core\Error.php(371): CRM_Core_Error::backtrace("backTrace", TRUE)
#1 C:\Users\Hotwer\Workspace\drupal-task\sites\all\modules\civicrm\CRM\Utils\Type.php(428): CRM_Core_Error::fatal("One of parameters  (value: ) is not of the type Integer")
#2 C:\Users\Hotwer\Workspace\drupal-task\sites\all\modules\civicrm\CRM\Core\Page\AJAX.php(253): CRM_Utils_Type::validate("", "Integer")
#3 C:\Users\Hotwer\Workspace\drupal-task\sites\all\modules\civicrm\CRM\Activity\Page\AJAX.php(404): CRM_Core_Page_AJAX::validateParams((Array:1), (Array:3))
#4 [internal function](): CRM_Activity_Page_AJAX::getContactActivity()
#5 C:\Users\Hotwer\Workspace\drupal-task\sites\all\modules\civicrm\CRM\Core\Invoke.php(278): call_user_func((Array:2))
#6 C:\Users\Hotwer\Workspace\drupal-task\sites\all\modules\civicrm\CRM\Core\Invoke.php(86): CRM_Core_Invoke::runItem((Array:12))
#7 C:\Users\Hotwer\Workspace\drupal-task\sites\all\modules\civicrm\CRM\Core\Invoke.php(54): CRM_Core_Invoke::_invoke((Array:3))
#8 C:\Users\Hotwer\Workspace\drupal-task\sites\all\modules\civicrm\drupal\civicrm.module(448): CRM_Core_Invoke::invoke((Array:3))
#9 [internal function](): civicrm_invoke("ajax", "contactactivity")
#10 C:\Users\Hotwer\Workspace\drupal-task\includes\menu.inc(527): call_user_func_array("civicrm_invoke", (Array:2))
#11 C:\Users\Hotwer\Workspace\drupal-task\index.php(20): menu_execute_active_handler()
#12 {main}


Sep 14 06:02:44  [info] $Fatal Error Details = Array
(
    [message] => One of parameters  (value: ) is not of the type Integer
    [code] => 
)


Sep 14 06:02:44  [info] $backTrace = #0 C:\Users\Hotwer\Workspace\drupal-task\sites\all\modules\civicrm\CRM\Core\Error.php(371): CRM_Core_Error::backtrace("backTrace", TRUE)
#1 C:\Users\Hotwer\Workspace\drupal-task\sites\all\modules\civicrm\CRM\Utils\Type.php(428): CRM_Core_Error::fatal("One of parameters  (value: ) is not of the type Integer")
#2 C:\Users\Hotwer\Workspace\drupal-task\sites\all\modules\civicrm\CRM\Core\Page\AJAX.php(253): CRM_Utils_Type::validate("", "Integer")
#3 C:\Users\Hotwer\Workspace\drupal-task\sites\all\modules\civicrm\CRM\Activity\Page\AJAX.php(404): CRM_Core_Page_AJAX::validateParams((Array:1), (Array:3))
#4 [internal function](): CRM_Activity_Page_AJAX::getContactActivity()
#5 C:\Users\Hotwer\Workspace\drupal-task\sites\all\modules\civicrm\CRM\Core\Invoke.php(278): call_user_func((Array:2))
#6 C:\Users\Hotwer\Workspace\drupal-task\sites\all\modules\civicrm\CRM\Core\Invoke.php(86): CRM_Core_Invoke::runItem((Array:12))
#7 C:\Users\Hotwer\Workspace\drupal-task\sites\all\modules\civicrm\CRM\Core\Invoke.php(54): CRM_Core_Invoke::_invoke((Array:3))
#8 C:\Users\Hotwer\Workspace\drupal-task\sites\all\modules\civicrm\drupal\civicrm.module(448): CRM_Core_Invoke::invoke((Array:3))
#9 [internal function](): civicrm_invoke("ajax", "contactactivity")
#10 C:\Users\Hotwer\Workspace\drupal-task\includes\menu.inc(527): call_user_func_array("civicrm_invoke", (Array:2))
#11 C:\Users\Hotwer\Workspace\drupal-task\index.php(20): menu_execute_active_handler()
#12 {main}


Sep 14 06:44:12  [info] $Fatal Error Details = Array
(
    [message] => One of parameters  (value: ) is not of the type Integer
    [code] => 
)


Sep 14 06:44:12  [info] $backTrace = #0 C:\Users\Hotwer\Workspace\drupal-task\sites\all\modules\civicrm\CRM\Core\Error.php(371): CRM_Core_Error::backtrace("backTrace", TRUE)
#1 C:\Users\Hotwer\Workspace\drupal-task\sites\all\modules\civicrm\CRM\Utils\Type.php(428): CRM_Core_Error::fatal("One of parameters  (value: ) is not of the type Integer")
#2 C:\Users\Hotwer\Workspace\drupal-task\sites\all\modules\civicrm\CRM\Core\Page\AJAX.php(253): CRM_Utils_Type::validate(NULL, "Integer")
#3 C:\Users\Hotwer\Workspace\drupal-task\sites\default\files\civicrm\ext\com.compucorptask.organisationactivities\CRM\Organisationactivities\Page\AJAX.php(371): CRM_Core_Page_AJAX::validateParams((Array:1), (Array:3))
#4 [internal function](): CRM_Organisationactivities_Page_AJAX::getContactActivity()
#5 C:\Users\Hotwer\Workspace\drupal-task\sites\all\modules\civicrm\CRM\Core\Invoke.php(278): call_user_func((Array:2))
#6 C:\Users\Hotwer\Workspace\drupal-task\sites\all\modules\civicrm\CRM\Core\Invoke.php(86): CRM_Core_Invoke::runItem((Array:13))
#7 C:\Users\Hotwer\Workspace\drupal-task\sites\all\modules\civicrm\CRM\Core\Invoke.php(54): CRM_Core_Invoke::_invoke((Array:3))
#8 C:\Users\Hotwer\Workspace\drupal-task\sites\all\modules\civicrm\drupal\civicrm.module(448): CRM_Core_Invoke::invoke((Array:3))
#9 [internal function](): civicrm_invoke("ajax", "organisationactivities")
#10 C:\Users\Hotwer\Workspace\drupal-task\includes\menu.inc(527): call_user_func_array("civicrm_invoke", (Array:2))
#11 C:\Users\Hotwer\Workspace\drupal-task\index.php(20): menu_execute_active_handler()
#12 {main}


